<?xml version="1.0" encoding="UTF-8"?>
<testsuite xmlns:xsi="http://www.w3.org/2001/XMLSchema-instance" xsi:noNamespaceSchemaLocation="https://maven.apache.org/surefire/maven-surefire-plugin/xsd/surefire-test-report.xsd" name="com.moi.testing.CalculatorTest" time="1.145" tests="15" errors="0" skipped="0" failures="0">
  <properties>
[...]
</properties>
  <testcase name="testAddTwoPositiveNumbers" classname="com.moi.testing.CalculatorTest" time="0.314"/>
  <testcase name="add_shouldReturnTheSum_ofMultipleIntegers{int, int, int}[1]" classname="com.moi.testing.CalculatorTest" time="0.057"/>
  <testcase name="add_shouldReturnTheSum_ofMultipleIntegers{int, int, int}[2]" classname="com.moi.testing.CalculatorTest" time="0.004"/>
  <testcase name="add_shouldReturnTheSum_ofMultipleIntegers{int, int, int}[3]" classname="com.moi.testing.CalculatorTest" time="0.002"/>
  <testcase name="multiply_shouldReturnTheProduct_ofTwoIntegers" classname="com.moi.testing.CalculatorTest" time="0.002"/>
  <testcase name="testAddTwoPositiveDouble" classname="com.moi.testing.CalculatorTest" time="0.008"/>
  <testcase name="longCalcul_shouldComputeInLessThan1Second" classname="com.moi.testing.CalculatorTest" time="0.513"/>
  <testcase name="listDigits_shouldReturnsTheListOfZero_ofZero" classname="com.moi.testing.CalculatorTest" time="0.015"/>
  <testcase name="listDigits_shouldReturnsTheListOfDigits_ofPositiveInteger" classname="com.moi.testing.CalculatorTest" time="0.003"/>
  <testcase name="listDigits_shouldReturnsTheListOfDigits_ofNegativeInteger" classname="com.moi.testing.CalculatorTest" time="0"/>
  <testcase name="multiply_shouldReturnZero_ofZeroWithMultipleIntegers{int}[1]" classname="com.moi.testing.CalculatorTest" time="0.001"/>
  <testcase name="multiply_shouldReturnZero_ofZeroWithMultipleIntegers{int}[2]" classname="com.moi.testing.CalculatorTest" time="0.001"/>
  <testcase name="multiply_shouldReturnZero_ofZeroWithMultipleIntegers{int}[3]" classname="com.moi.testing.CalculatorTest" time="0.001"/>
  <testcase name="multiply_shouldReturnZero_ofZeroWithMultipleIntegers{int}[4]" classname="com.moi.testing.CalculatorTest" time="0.001"/>
  <testcase name="multiply_shouldReturnZero_ofZeroWithMultipleIntegers{int}[5]" classname="com.moi.testing.CalculatorTest" time="0.001"/>
</testsuite>